TN:
SF:src/app.controller.ts
FN:6,(anonymous_2)
FN:9,(anonymous_3)
FNF:2
FNH:2
FNDA:1,(anonymous_2)
FNDA:1,(anonymous_3)
DA:1,1
DA:2,1
DA:5,1
DA:6,1
DA:9,1
DA:10,1
LF:6
LH:6
BRF:0
BRH:0
end_of_record
TN:
SF:src/app.service.ts
FN:5,(anonymous_1)
FNF:1
FNH:1
FNDA:1,(anonymous_1)
DA:1,1
DA:4,1
DA:6,1
LF:3
LH:3
BRF:0
BRH:0
end_of_record
TN:
SF:src/auth/auth.controller.ts
FN:11,(anonymous_4)
FN:41,(anonymous_5)
FNF:2
FNH:0
FNDA:0,(anonymous_4)
FNDA:0,(anonymous_5)
DA:1,0
DA:2,0
DA:3,0
DA:4,0
DA:5,0
DA:10,0
DA:11,0
DA:41,0
DA:42,0
DA:43,0
DA:44,0
DA:48,0
DA:49,0
DA:51,0
DA:52,0
LF:15
LH:0
BRF:0
BRH:0
end_of_record
TN:
SF:src/auth/auth.service.ts
FN:9,(anonymous_2)
FN:14,(anonymous_3)
FN:39,(anonymous_4)
FNF:3
FNH:0
FNDA:0,(anonymous_2)
FNDA:0,(anonymous_3)
FNDA:0,(anonymous_4)
DA:1,0
DA:2,0
DA:3,0
DA:4,0
DA:5,0
DA:8,0
DA:10,0
DA:11,0
DA:15,0
DA:16,0
DA:18,0
DA:19,0
DA:21,0
DA:22,0
DA:23,0
DA:26,0
DA:27,0
DA:28,0
DA:30,0
DA:31,0
DA:32,0
DA:35,0
DA:36,0
DA:40,0
DA:41,0
DA:42,0
DA:44,0
DA:45,0
DA:46,0
DA:48,0
LF:30
LH:0
BRDA:19,0,0,0
BRDA:19,0,1,0
BRDA:21,1,0,0
BRDA:21,2,0,0
BRDA:21,2,1,0
BRDA:30,3,0,0
BRF:6
BRH:0
end_of_record
TN:
SF:src/auth/decorators/public.decorator.ts
FN:4,(anonymous_0)
FNF:1
FNH:0
FNDA:0,(anonymous_0)
DA:1,3
DA:3,3
DA:4,3
LF:3
LH:3
BRF:0
BRH:0
end_of_record
TN:
SF:src/auth/decorators/roles.decorator.ts
FN:5,(anonymous_0)
FNF:1
FNH:1
FNDA:14,(anonymous_0)
DA:1,3
DA:4,3
DA:5,14
LF:3
LH:3
BRF:0
BRH:0
end_of_record
TN:
SF:src/auth/guards/jwt-auth.guard.ts
FN:8,(anonymous_2)
FN:12,(anonymous_3)
FNF:2
FNH:1
FNDA:15,(anonymous_2)
FNDA:0,(anonymous_3)
DA:1,3
DA:2,3
DA:3,3
DA:4,3
DA:7,3
DA:8,15
DA:9,15
DA:13,0
DA:14,0
DA:18,0
DA:19,0
DA:20,0
DA:23,0
LF:13
LH:7
BRDA:19,0,0,0
BRF:1
BRH:0
end_of_record
TN:
SF:src/auth/guards/roles.guard.ts
FN:8,(anonymous_2)
FN:10,(anonymous_3)
FN:22,(anonymous_4)
FNF:3
FNH:1
FNDA:15,(anonymous_2)
FNDA:0,(anonymous_3)
FNDA:0,(anonymous_4)
DA:1,3
DA:2,3
DA:3,3
DA:7,3
DA:8,15
DA:11,0
DA:12,0
DA:17,0
DA:18,0
DA:21,0
DA:22,0
LF:11
LH:5
BRDA:17,0,0,0
BRF:1
BRH:0
end_of_record
TN:
SF:src/auth/strategies/jwt.strategy.ts
FN:9,(anonymous_2)
FN:20,(anonymous_3)
FNF:2
FNH:0
FNDA:0,(anonymous_2)
FNDA:0,(anonymous_3)
DA:1,0
DA:2,0
DA:3,0
DA:4,0
DA:5,0
DA:8,0
DA:10,0
DA:11,0
DA:13,0
DA:21,0
DA:22,0
DA:23,0
DA:24,0
DA:25,0
DA:28,0
LF:15
LH:0
BRDA:24,0,0,0
BRDA:24,1,0,0
BRDA:24,1,1,0
BRF:3
BRH:0
end_of_record
TN:
SF:src/clinics/application/services/clinics.service.ts
FN:8,(anonymous_2)
FN:17,(anonymous_3)
FN:21,(anonymous_4)
FN:25,(anonymous_5)
FNF:4
FNH:0
FNDA:0,(anonymous_2)
FNDA:0,(anonymous_3)
FNDA:0,(anonymous_4)
FNDA:0,(anonymous_5)
DA:1,1
DA:2,1
DA:3,1
DA:4,1
DA:7,1
DA:9,0
DA:11,0
DA:12,0
DA:18,0
DA:22,0
DA:26,0
LF:11
LH:5
BRF:0
BRH:0
end_of_record
TN:
SF:src/clinics/application/use-cases/create-clinics.usecase.ts
FN:8,(anonymous_4)
FN:13,(anonymous_5)
FNF:2
FNH:0
FNDA:0,(anonymous_4)
FNDA:0,(anonymous_5)
DA:2,1
DA:3,1
DA:7,1
DA:10,0
DA:14,0
DA:26,0
LF:6
LH:3
BRDA:21,0,0,0
BRDA:21,0,1,0
BRDA:22,1,0,0
BRDA:22,1,1,0
BRDA:24,2,0,0
BRDA:24,2,1,0
BRF:6
BRH:0
end_of_record
TN:
SF:src/clinics/application/use-cases/find-by-id.usecase.ts
FN:6,(anonymous_4)
FN:11,(anonymous_5)
FNF:2
FNH:0
FNDA:0,(anonymous_4)
FNDA:0,(anonymous_5)
DA:2,1
DA:5,1
DA:8,0
DA:12,0
LF:4
LH:2
BRF:0
BRH:0
end_of_record
TN:
SF:src/clinics/application/use-cases/find-users.usecase.ts
FN:6,(anonymous_4)
FN:11,(anonymous_5)
FNF:2
FNH:0
FNDA:0,(anonymous_4)
FNDA:0,(anonymous_5)
DA:3,1
DA:5,1
DA:8,0
DA:12,0
DA:13,0
LF:5
LH:2
BRF:0
BRH:0
end_of_record
TN:
SF:src/clinics/domain/entities/clinics.entity.ts
FN:3,(anonymous_0)
FNF:1
FNH:0
FNDA:0,(anonymous_0)
DA:2,1
DA:4,0
DA:5,0
DA:6,0
DA:7,0
DA:8,0
DA:9,0
DA:10,0
DA:11,0
DA:12,0
DA:13,0
DA:14,0
LF:12
LH:1
BRDA:12,0,0,0
BRDA:14,1,0,0
BRF:2
BRH:0
end_of_record
TN:
SF:src/clinics/domain/repositories/clinics.repository.ts
FNF:0
FNH:0
DA:3,0
LF:1
LH:0
BRF:0
BRH:0
end_of_record
TN:
SF:src/clinics/infrastructure/controllers/clinics.controller.ts
FN:17,(anonymous_4)
FN:27,(anonymous_5)
FN:35,(anonymous_6)
FN:44,(anonymous_7)
FNF:4
FNH:4
FNDA:5,(anonymous_4)
FNDA:1,(anonymous_5)
FNDA:1,(anonymous_6)
FNDA:2,(anonymous_7)
DA:1,1
DA:2,1
DA:3,1
DA:4,1
DA:5,1
DA:6,1
DA:7,1
DA:8,1
DA:10,1
DA:16,1
DA:18,5
DA:27,1
DA:28,1
DA:35,1
DA:36,1
DA:44,1
DA:45,2
LF:17
LH:17
BRF:0
BRH:0
end_of_record
TN:
SF:src/clinics/infrastructure/persistence/clinics.orm-entity.ts
FN:39,(anonymous_2)
FN:39,(anonymous_3)
FN:42,(anonymous_4)
FN:42,(anonymous_5)
FNF:4
FNH:0
FNDA:0,(anonymous_2)
FNDA:0,(anonymous_3)
FNDA:0,(anonymous_4)
FNDA:0,(anonymous_5)
DA:1,4
DA:2,4
DA:3,4
DA:6,4
DA:10,4
DA:13,4
DA:16,4
DA:19,4
DA:22,4
DA:25,4
DA:28,4
DA:31,4
DA:34,4
DA:37,4
DA:39,0
DA:40,4
DA:42,0
DA:43,4
LF:18
LH:16
BRF:0
BRH:0
end_of_record
TN:
SF:src/clinics/infrastructure/persistence/clinics.typeorm.repository.ts
FN:10,(anonymous_4)
FN:14,(anonymous_5)
FN:33,(anonymous_6)
FN:43,(anonymous_7)
FN:54,(anonymous_8)
FN:56,(anonymous_9)
FN:58,(anonymous_10)
FNF:7
FNH:0
FNDA:0,(anonymous_4)
FNDA:0,(anonymous_5)
FNDA:0,(anonymous_6)
FNDA:0,(anonymous_7)
FNDA:0,(anonymous_8)
FNDA:0,(anonymous_9)
FNDA:0,(anonymous_10)
DA:1,0
DA:3,0
DA:5,0
DA:6,0
DA:9,0
DA:11,0
DA:15,0
DA:16,0
DA:17,0
DA:19,0
DA:20,0
DA:23,0
DA:33,0
DA:35,0
DA:36,0
DA:38,0
DA:39,0
DA:44,0
DA:48,0
DA:49,0
DA:51,0
DA:55,0
DA:56,0
DA:58,0
LF:24
LH:0
BRDA:19,0,0,0
BRDA:28,1,0,0
BRDA:28,1,1,0
BRDA:29,2,0,0
BRDA:29,2,1,0
BRDA:30,3,0,0
BRDA:30,3,1,0
BRDA:32,4,0,0
BRDA:32,4,1,0
BRDA:48,5,0,0
BRF:10
BRH:0
end_of_record
TN:
SF:src/database/seeds/cleanup.seed.ts
FN:4,cleanupAdminUser
FNF:1
FNH:0
FNDA:0,cleanupAdminUser
DA:2,0
DA:4,0
DA:5,0
DA:8,0
DA:12,0
DA:13,0
DA:14,0
DA:16,0
LF:8
LH:0
BRDA:12,0,0,0
BRDA:12,0,1,0
BRF:2
BRH:0
end_of_record
TN:
SF:src/database/seeds/create-admin.seed.ts
FN:5,createAdminUser
FN:24,(anonymous_1)
FNF:2
FNH:0
FNDA:0,createAdminUser
FNDA:0,(anonymous_1)
DA:2,0
DA:3,0
DA:5,0
DA:6,0
DA:9,0
DA:13,0
DA:14,0
DA:15,0
DA:19,0
DA:20,0
DA:21,0
DA:22,0
DA:23,0
DA:24,0
DA:25,0
DA:27,0
DA:28,0
DA:29,0
DA:30,0
DA:32,0
DA:43,0
DA:44,0
LF:22
LH:0
BRDA:13,0,0,0
BRF:1
BRH:0
end_of_record
TN:
SF:src/database/seeds/run-seed.ts
FN:6,runSeeds
FNF:1
FNH:0
FNDA:0,runSeeds
DA:2,0
DA:3,0
DA:4,0
DA:7,0
DA:9,0
DA:10,0
DA:13,0
DA:16,0
DA:18,0
DA:20,0
DA:23,0
DA:24,0
DA:25,0
DA:30,0
LF:14
LH:0
BRDA:23,0,0,0
BRF:1
BRH:0
end_of_record
TN:
SF:src/doctors/application/services/doctors.service.ts
FN:10,(anonymous_2)
FN:18,(anonymous_3)
FN:22,(anonymous_4)
FN:26,(anonymous_5)
FN:30,(anonymous_6)
FN:34,(anonymous_7)
FNF:6
FNH:0
FNDA:0,(anonymous_2)
FNDA:0,(anonymous_3)
FNDA:0,(anonymous_4)
FNDA:0,(anonymous_5)
FNDA:0,(anonymous_6)
FNDA:0,(anonymous_7)
DA:1,1
DA:2,1
DA:3,1
DA:4,1
DA:5,1
DA:6,1
DA:9,1
DA:11,0
DA:12,0
DA:13,0
DA:14,0
DA:15,0
DA:19,0
DA:23,0
DA:27,0
DA:31,0
DA:35,0
LF:17
LH:7
BRF:0
BRH:0
end_of_record
TN:
SF:src/doctors/application/use-cases/create-doctors.usecase.ts
FN:8,(anonymous_4)
FN:14,(anonymous_5)
FNF:2
FNH:0
FNDA:0,(anonymous_4)
FNDA:0,(anonymous_5)
DA:1,1
DA:3,1
DA:7,1
DA:10,0
DA:15,0
DA:25,0
LF:6
LH:3
BRDA:20,0,0,0
BRDA:20,0,1,0
BRF:2
BRH:0
end_of_record
TN:
SF:src/doctors/application/use-cases/delete-doctors.usecase.ts
FN:6,(anonymous_4)
FN:11,(anonymous_5)
FNF:2
FNH:0
FNDA:0,(anonymous_4)
FNDA:0,(anonymous_5)
DA:2,1
DA:5,1
DA:8,0
DA:12,0
DA:13,0
DA:14,0
DA:16,0
LF:7
LH:2
BRDA:13,0,0,0
BRF:1
BRH:0
end_of_record
TN:
SF:src/doctors/application/use-cases/find-doctor.usecase.ts
FN:7,(anonymous_4)
FN:12,(anonymous_5)
FNF:2
FNH:0
FNDA:0,(anonymous_4)
FNDA:0,(anonymous_5)
DA:3,1
DA:6,1
DA:9,0
DA:13,0
DA:14,0
DA:15,0
DA:17,0
LF:7
LH:2
BRDA:14,0,0,0
BRF:1
BRH:0
end_of_record
TN:
SF:src/doctors/application/use-cases/find-doctors.usecase.ts
FN:7,(anonymous_4)
FN:12,(anonymous_5)
FNF:2
FNH:0
FNDA:0,(anonymous_4)
FNDA:0,(anonymous_5)
DA:2,1
DA:6,1
DA:9,0
DA:13,0
LF:4
LH:2
BRF:0
BRH:0
end_of_record
TN:
SF:src/doctors/application/use-cases/update-doctors.usecase.ts
FN:7,(anonymous_4)
FN:12,(anonymous_5)
FNF:2
FNH:0
FNDA:0,(anonymous_4)
FNDA:0,(anonymous_5)
DA:1,1
DA:6,1
DA:9,0
DA:13,0
DA:14,0
DA:15,0
DA:18,0
DA:19,0
LF:8
LH:2
BRDA:14,0,0,0
BRF:1
BRH:0
end_of_record
TN:
SF:src/doctors/domain/entities/doctors.entity.ts
FN:2,(anonymous_0)
FNF:1
FNH:0
FNDA:0,(anonymous_0)
DA:1,1
DA:3,0
DA:4,0
DA:5,0
DA:6,0
DA:7,0
DA:8,0
DA:9,0
DA:10,0
LF:9
LH:1
BRF:0
BRH:0
end_of_record
TN:
SF:src/doctors/domain/repositories/doctors.repository.ts
FNF:0
FNH:0
DA:3,0
LF:1
LH:0
BRF:0
BRH:0
end_of_record
TN:
SF:src/doctors/infrastructure/controllers/doctors.controller.ts
FN:18,(anonymous_4)
FN:25,(anonymous_5)
FN:34,(anonymous_6)
FN:43,(anonymous_7)
FN:53,(anonymous_8)
FN:66,(anonymous_9)
FNF:6
FNH:1
FNDA:1,(anonymous_4)
FNDA:0,(anonymous_5)
FNDA:0,(anonymous_6)
FNDA:0,(anonymous_7)
FNDA:0,(anonymous_8)
FNDA:0,(anonymous_9)
DA:1,1
DA:2,1
DA:3,1
DA:4,1
DA:5,1
DA:6,1
DA:7,1
DA:8,1
DA:9,1
DA:10,1
DA:11,1
DA:17,1
DA:18,1
DA:25,1
DA:26,0
DA:27,0
DA:34,1
DA:35,0
DA:43,1
DA:44,0
DA:53,1
DA:57,0
DA:66,1
DA:67,0
LF:24
LH:18
BRF:0
BRH:0
end_of_record
TN:
SF:src/doctors/infrastructure/persistence/doctors.orm-entity.ts
FN:32,(anonymous_2)
FN:36,(anonymous_3)
FN:36,(anonymous_4)
FNF:3
FNH:0
FNDA:0,(anonymous_2)
FNDA:0,(anonymous_3)
FNDA:0,(anonymous_4)
DA:1,4
DA:2,4
DA:3,4
DA:4,4
DA:6,4
DA:9,4
DA:11,4
DA:14,4
DA:17,4
DA:20,4
DA:23,4
DA:27,4
DA:30,4
DA:32,0
DA:34,4
DA:36,0
DA:37,4
LF:17
LH:15
BRF:0
BRH:0
end_of_record
TN:
SF:src/doctors/infrastructure/persistence/doctors.typeorm.repository.ts
FN:15,(anonymous_4)
FN:21,(anonymous_5)
FN:49,(anonymous_6)
FN:51,(anonymous_7)
FN:54,(anonymous_8)
FN:62,(anonymous_9)
FN:73,(anonymous_10)
FN:83,(anonymous_11)
FNF:8
FNH:0
FNDA:0,(anonymous_4)
FNDA:0,(anonymous_5)
FNDA:0,(anonymous_6)
FNDA:0,(anonymous_7)
FNDA:0,(anonymous_8)
FNDA:0,(anonymous_9)
FNDA:0,(anonymous_10)
FNDA:0,(anonymous_11)
DA:1,0
DA:2,0
DA:3,0
DA:4,0
DA:5,0
DA:6,0
DA:14,0
DA:16,0
DA:17,0
DA:18,0
DA:22,0
DA:23,0
DA:24,0
DA:27,0
DA:28,0
DA:29,0
DA:31,0
DA:40,0
DA:41,0
DA:42,0
DA:44,0
DA:45,0
DA:50,0
DA:51,0
DA:55,0
DA:56,0
DA:57,0
DA:59,0
DA:63,0
DA:64,0
DA:65,0
DA:68,0
DA:69,0
DA:70,0
DA:74,0
DA:75,0
DA:76,0
DA:78,0
DA:79,0
DA:80,0
DA:84,0
DA:85,0
DA:86,0
DA:88,0
LF:44
LH:0
BRDA:23,0,0,0
BRDA:28,1,0,0
BRDA:56,2,0,0
BRDA:64,3,0,0
BRDA:75,4,0,0
BRDA:85,5,0,0
BRF:6
BRH:0
end_of_record
TN:
SF:src/users/application/services/users.service.ts
FN:15,(anonymous_2)
FN:29,(anonymous_3)
FN:33,(anonymous_4)
FN:37,(anonymous_5)
FN:41,(anonymous_6)
FN:45,(anonymous_7)
FN:49,(anonymous_8)
FN:53,(anonymous_9)
FN:57,(anonymous_10)
FNF:9
FNH:9
FNDA:9,(anonymous_2)
FNDA:10,(anonymous_3)
FNDA:1,(anonymous_4)
FNDA:1,(anonymous_5)
FNDA:1,(anonymous_6)
FNDA:1,(anonymous_7)
FNDA:1,(anonymous_8)
FNDA:1,(anonymous_9)
FNDA:1,(anonymous_10)
DA:1,2
DA:2,2
DA:3,2
DA:4,2
DA:7,2
DA:8,2
DA:9,2
DA:10,2
DA:11,2
DA:14,2
DA:16,9
DA:17,9
DA:18,9
DA:19,9
DA:20,9
DA:21,9
DA:22,9
DA:23,9
DA:25,9
DA:26,9
DA:30,10
DA:34,1
DA:38,1
DA:42,1
DA:46,1
DA:50,1
DA:54,1
DA:58,1
LF:28
LH:28
BRF:0
BRH:0
end_of_record
TN:
SF:src/users/application/use-cases/activate-users.usecase.ts
FN:6,(anonymous_4)
FN:12,(anonymous_5)
FNF:2
FNH:2
FNDA:17,(anonymous_4)
FNDA:3,(anonymous_5)
DA:2,3
DA:5,3
DA:8,17
DA:13,3
DA:14,2
LF:5
LH:5
BRF:0
BRH:0
end_of_record
TN:
SF:src/users/application/use-cases/create-users.usecase.ts
FN:9,(anonymous_4)
FN:14,(anonymous_5)
FNF:2
FNH:2
FNDA:16,(anonymous_4)
FNDA:2,(anonymous_5)
DA:1,3
DA:2,3
DA:5,3
DA:8,3
DA:11,16
DA:15,2
DA:29,2
DA:30,2
DA:31,1
DA:34,1
LF:10
LH:10
BRDA:20,0,0,2
BRDA:20,0,1,0
BRDA:21,1,0,2
BRDA:21,1,1,0
BRDA:30,2,0,1
BRF:5
BRH:3
end_of_record
TN:
SF:src/users/application/use-cases/delete-users.usecase.ts
FN:6,(anonymous_4)
FN:11,(anonymous_5)
FNF:2
FNH:2
FNDA:16,(anonymous_4)
FNDA:1,(anonymous_5)
DA:1,3
DA:2,3
DA:5,3
DA:8,16
DA:12,1
DA:13,1
DA:14,0
DA:16,1
LF:8
LH:7
BRDA:13,0,0,0
BRF:1
BRH:0
end_of_record
TN:
SF:src/users/application/use-cases/find-user.usecase.ts
FN:8,(anonymous_4)
FN:13,(anonymous_5)
FNF:2
FNH:2
FNDA:16,(anonymous_4)
FNDA:1,(anonymous_5)
DA:1,3
DA:2,3
DA:7,3
DA:10,16
DA:14,1
DA:15,1
LF:6
LH:6
BRF:0
BRH:0
end_of_record
TN:
SF:src/users/application/use-cases/find-users-by-email.usecase.ts
FN:8,(anonymous_4)
FN:13,(anonymous_5)
FNF:2
FNH:2
FNDA:16,(anonymous_4)
FNDA:2,(anonymous_5)
DA:1,3
DA:2,3
DA:7,3
DA:10,16
DA:14,2
DA:15,0
DA:17,2
LF:7
LH:6
BRDA:14,0,0,0
BRF:1
BRH:0
end_of_record
TN:
SF:src/users/application/use-cases/find-users.usecase.ts
FN:7,(anonymous_4)
FN:12,(anonymous_5)
FNF:2
FNH:2
FNDA:16,(anonymous_4)
FNDA:1,(anonymous_5)
DA:2,3
DA:6,3
DA:9,16
DA:13,1
LF:4
LH:4
BRF:0
BRH:0
end_of_record
TN:
SF:src/users/application/use-cases/update-users.usecase.ts
FN:7,(anonymous_4)
FN:12,(anonymous_5)
FN:22,(anonymous_6)
FNF:3
FNH:2
FNDA:16,(anonymous_4)
FNDA:2,(anonymous_5)
FNDA:0,(anonymous_6)
DA:1,3
DA:6,3
DA:9,16
DA:13,2
DA:14,2
DA:15,1
DA:18,1
DA:19,1
DA:23,0
DA:24,0
LF:10
LH:8
BRDA:14,0,0,1
BRF:1
BRH:1
end_of_record
TN:
SF:src/users/application/use-cases/validate-password.usecase.ts
FN:6,(anonymous_4)
FN:11,(anonymous_5)
FNF:2
FNH:2
FNDA:16,(anonymous_4)
FNDA:1,(anonymous_5)
DA:1,3
DA:2,3
DA:5,3
DA:8,16
DA:12,1
DA:13,1
DA:14,0
DA:18,1
LF:8
LH:7
BRDA:13,0,0,0
BRF:1
BRH:0
end_of_record
TN:
SF:src/users/domain/entities/user.entity.ts
FN:2,(anonymous_0)
FNF:1
FNH:1
FNDA:3,(anonymous_0)
DA:1,4
DA:3,3
DA:4,3
DA:5,3
DA:6,3
DA:7,3
DA:8,3
DA:9,3
DA:10,3
DA:11,3
DA:12,3
DA:13,3
LF:12
LH:12
BRF:0
BRH:0
end_of_record
TN:
SF:src/users/domain/repositories/users.repository.mock.ts
FN:8,(anonymous_0)
FN:12,(anonymous_1)
FN:13,(anonymous_2)
FN:18,(anonymous_3)
FN:19,(anonymous_4)
FN:22,(anonymous_5)
FN:27,(anonymous_6)
FN:28,(anonymous_7)
FN:33,(anonymous_8)
FN:34,(anonymous_9)
FN:37,(anonymous_10)
FN:42,(anonymous_11)
FNF:12
FNH:12
FNDA:2,(anonymous_0)
FNDA:3,(anonymous_1)
FNDA:3,(anonymous_2)
FNDA:4,(anonymous_3)
FNDA:3,(anonymous_4)
FNDA:8,(anonymous_5)
FNDA:1,(anonymous_6)
FNDA:1,(anonymous_7)
FNDA:1,(anonymous_8)
FNDA:1,(anonymous_9)
FNDA:2,(anonymous_10)
FNDA:1,(anonymous_11)
DA:5,1
DA:6,9
DA:9,2
DA:13,3
DA:14,3
DA:15,3
DA:19,4
DA:23,8
DA:24,8
DA:28,1
DA:29,1
DA:30,1
DA:34,1
DA:38,2
DA:39,2
DA:43,1
DA:44,1
DA:45,1
DA:46,1
DA:48,0
LF:20
LH:19
BRDA:14,0,0,0
BRDA:19,1,0,4
BRDA:19,1,1,1
BRDA:29,2,0,1
BRDA:44,3,0,1
BRF:5
BRH:4
end_of_record
TN:
SF:src/users/domain/repositories/users.repository.ts
FNF:0
FNH:0
DA:3,3
LF:1
LH:1
BRF:0
BRH:0
end_of_record
TN:
SF:src/users/infrastructure/controllers/users.controller.ts
FN:29,(anonymous_4)
FN:37,(anonymous_5)
FN:38,(anonymous_6)
FN:47,(anonymous_7)
FN:48,(anonymous_8)
FN:49,(anonymous_9)
FN:59,(anonymous_10)
FN:60,(anonymous_11)
FN:76,(anonymous_12)
FN:80,(anonymous_13)
FN:94,(anonymous_14)
FN:105,(anonymous_15)
FNF:12
FNH:12
FNDA:9,(anonymous_4)
FNDA:1,(anonymous_5)
FNDA:1,(anonymous_6)
FNDA:1,(anonymous_7)
FNDA:1,(anonymous_8)
FNDA:2,(anonymous_9)
FNDA:2,(anonymous_10)
FNDA:2,(anonymous_11)
FNDA:2,(anonymous_12)
FNDA:2,(anonymous_13)
FNDA:1,(anonymous_14)
FNDA:1,(anonymous_15)
DA:1,1
DA:13,1
DA:14,1
DA:15,1
DA:16,1
DA:17,1
DA:18,1
DA:19,1
DA:20,1
DA:21,1
DA:22,1
DA:28,1
DA:29,9
DA:37,1
DA:38,1
DA:39,1
DA:47,1
DA:48,1
DA:49,2
DA:59,1
DA:60,2
DA:61,2
DA:62,1
DA:64,1
DA:76,1
DA:80,2
DA:81,2
DA:82,1
DA:84,1
DA:94,1
DA:95,1
DA:105,1
DA:106,1
LF:33
LH:33
BRDA:61,0,0,1
BRDA:81,1,0,1
BRF:2
BRH:2
end_of_record
TN:
SF:src/users/infrastructure/persistence/users.orm-entity.ts
FN:10,(anonymous_2)
FN:60,(anonymous_3)
FN:67,(anonymous_4)
FN:73,(anonymous_5)
FN:55,(anonymous_6)
FN:55,(anonymous_7)
FNF:6
FNH:1
FNDA:4,(anonymous_2)
FNDA:0,(anonymous_3)
FNDA:0,(anonymous_4)
FNDA:0,(anonymous_5)
FNDA:0,(anonymous_6)
FNDA:0,(anonymous_7)
DA:1,4
DA:2,4
DA:3,4
DA:4,4
DA:8,4
DA:10,4
DA:11,4
DA:12,4
DA:13,4
DA:17,4
DA:19,4
DA:22,4
DA:25,4
DA:28,4
DA:31,4
DA:34,4
DA:37,4
DA:41,4
DA:45,4
DA:49,4
DA:53,4
DA:55,0
DA:56,4
DA:60,4
DA:61,0
DA:62,0
DA:63,0
DA:68,0
DA:69,0
DA:70,0
DA:74,0
LF:31
LH:23
BRDA:10,0,0,4
BRDA:10,0,1,4
BRDA:61,1,0,0
BRDA:61,2,0,0
BRDA:61,2,1,0
BRF:5
BRH:2
end_of_record
TN:
SF:src/users/infrastructure/persistence/users.typeorm.repository.ts
FN:16,(anonymous_4)
FN:22,(anonymous_5)
FN:27,(anonymous_6)
FN:30,(anonymous_7)
FN:40,(anonymous_8)
FN:60,(anonymous_9)
FN:86,(anonymous_10)
FN:105,(anonymous_11)
FN:110,(anonymous_12)
FN:120,(anonymous_13)
FNF:10
FNH:5
FNDA:8,(anonymous_4)
FNDA:0,(anonymous_5)
FNDA:0,(anonymous_6)
FNDA:2,(anonymous_7)
FNDA:3,(anonymous_8)
FNDA:3,(anonymous_9)
FNDA:0,(anonymous_10)
FNDA:0,(anonymous_11)
FNDA:2,(anonymous_12)
FNDA:0,(anonymous_13)
DA:1,1
DA:2,1
DA:3,1
DA:4,1
DA:5,1
DA:10,1
DA:11,1
DA:15,1
DA:18,8
DA:19,8
DA:23,0
DA:27,0
DA:31,2
DA:34,2
DA:35,1
DA:37,1
DA:41,3
DA:61,3
DA:62,3
DA:63,1
DA:66,2
DA:67,2
DA:68,1
DA:71,1
DA:82,1
DA:83,1
DA:87,0
DA:88,0
DA:89,0
DA:90,0
DA:93,0
DA:94,0
DA:95,0
DA:96,0
DA:100,0
DA:101,0
DA:102,0
DA:106,0
DA:107,0
DA:111,2
DA:112,2
DA:113,2
DA:114,1
DA:116,1
DA:117,1
DA:121,0
DA:122,0
DA:123,0
DA:125,0
DA:126,0
DA:127,0
LF:51
LH:30
BRDA:34,0,0,1
BRDA:62,1,0,1
BRDA:66,2,0,2
BRDA:66,2,1,0
BRDA:67,3,0,1
BRDA:67,4,0,2
BRDA:67,4,1,2
BRDA:80,5,0,1
BRDA:80,5,1,0
BRDA:89,6,0,0
BRDA:93,7,0,0
BRDA:93,8,0,0
BRDA:93,8,1,0
BRDA:95,9,0,0
BRDA:113,10,0,1
BRDA:122,11,0,0
BRF:16
BRH:8
end_of_record
